<?xml version="1.0" encoding="UTF-8"?>
<!-- Generated by org.testng.reporters.JUnitReportReporter -->
<testsuite hostname="DESKTOP-CTKJV5C" failures="0" tests="6" name="api.test.DDTests" time="27.849" errors="0" timestamp="2025-06-28T18:26:12 IST" skipped="0">
  <testcase classname="api.test.DDTests" name="testPostUsers" time="5.455"/>
  <testcase classname="api.test.DDTests" name="testPostUsers" time="5.296"/>
  <testcase classname="api.test.DDTests" name="testPostUsers" time="7.084"/>
  <testcase classname="api.test.DDTests" name="testDeleteUserByName" time="3.295"/>
  <testcase classname="api.test.DDTests" name="testDeleteUserByName" time="3.334"/>
  <testcase classname="api.test.DDTests" name="testDeleteUserByName" time="3.385"/>
</testsuite> <!-- api.test.DDTests -->
