<?xml version="1.0" encoding="UTF-8"?>
<!-- Generated by org.testng.reporters.JUnitReportReporter -->
<testsuite hostname="DESKTOP-CTKJV5C" failures="0" tests="4" name="api.test.UserTests" time="24.218" errors="0" timestamp="2025-07-01T11:20:05 IST" skipped="0">
  <testcase classname="api.test.UserTests" name="testPostUser" time="9.844"/>
  <testcase classname="api.test.UserTests" name="testGetUserByName" time="5.403"/>
  <testcase classname="api.test.UserTests" name="testUpdateUserByName" time="7.649"/>
  <testcase classname="api.test.UserTests" name="testDeleteUserByName" time="1.322"/>
</testsuite> <!-- api.test.UserTests -->
